[debug] [2021-08-03T14:08:58.237Z] ----------------------------------------------------------------------
[debug] [2021-08-03T14:08:58.240Z] Command:       C:\Program Files\nodejs\node.exe C:\Users\emiri\AppData\Roaming\npm\node_modules\firebase-tools\lib\bin\firebase.js init
[debug] [2021-08-03T14:08:58.240Z] CLI Version:   9.16.0
[debug] [2021-08-03T14:08:58.240Z] Platform:      win32
[debug] [2021-08-03T14:08:58.241Z] Node Version:  v14.16.0
[debug] [2021-08-03T14:08:58.242Z] Time:          Tue Aug 03 2021 23:08:58 GMT+0900 (日本標準時)
[debug] [2021-08-03T14:08:58.242Z] ----------------------------------------------------------------------
[debug] 
[debug] [2021-08-03T14:08:58.252Z] > command requires scopes: ["email","openid","https://www.googleapis.com/auth/cloudplatformprojects.readonly","https://www.googleapis.com/auth/firebase","https://www.googleapis.com/auth/cloud-platform"]
[debug] [2021-08-03T14:08:58.253Z] > authorizing via signed-in user (emiriiskw@gmail.com)
[info] 
     ######## #### ########  ######## ########     ###     ######  ########
     ##        ##  ##     ## ##       ##     ##  ##   ##  ##       ##
     ######    ##  ########  ######   ########  #########  ######  ######
     ##        ##  ##    ##  ##       ##     ## ##     ##       ## ##
     ##       #### ##     ## ######## ########  ##     ##  ######  ########

You're about to initialize a Firebase project in this directory:

  C:\Users\emiri\Documents\Dev\firebase-vue-todo-20210803-01

[info] 
=== Project Setup
[info] 
[info] First, let's associate this project directory with a Firebase project.
[info] You can create multiple project aliases by running firebase use --add, 
[info] but for now we'll just set up a default project.
[info] 
[debug] [2021-08-03T14:09:03.788Z] > refreshing access token with scopes: []
[debug] [2021-08-03T14:09:03.789Z] >>> HTTP REQUEST POST https://www.googleapis.com/oauth2/v3/token  
 <request body omitted>
[debug] [2021-08-03T14:09:04.015Z] <<< HTTP RESPONSE 200 {"expires":"Mon, 01 Jan 1990 00:00:00 GMT","date":"Tue, 03 Aug 2021 14:09:04 GMT","pragma":"no-cache","cache-control":"no-cache, no-store, max-age=0, must-revalidate","content-type":"application/json; charset=utf-8","vary":"X-Origin, Referer, Origin,Accept-Encoding","server":"scaffolding on HTTPServer2","x-xss-protection":"0","x-frame-options":"SAMEORIGIN","x-content-type-options":"nosniff","alt-svc":"h3=\":443\"; ma=2592000,h3-29=\":443\"; ma=2592000,h3-T051=\":443\"; ma=2592000,h3-Q050=\":443\"; ma=2592000,h3-Q046=\":443\"; ma=2592000,h3-Q043=\":443\"; ma=2592000,quic=\":443\"; ma=2592000; v=\"46,43\"","accept-ranges":"none","transfer-encoding":"chunked"}
[debug] [2021-08-03T14:09:04.060Z] >>> [apiv2][query] GET https://firebase.googleapis.com/v1beta1/projects pageSize=100
[debug] [2021-08-03T14:09:04.658Z] <<< [apiv2][status] GET https://firebase.googleapis.com/v1beta1/projects 200
[debug] [2021-08-03T14:09:04.658Z] <<< [apiv2][body] GET https://firebase.googleapis.com/v1beta1/projects [omitted]
[info] i  Using project vue-firebase-hosting-97477 (vue-firebase-hosting) 
[info] 
=== Hosting:github Setup
[info] 
[info] i  Detected a .git folder at C:\Users\emiri\Documents\Dev 
[info] i  Authorizing with GitHub to upload your service account to a GitHub repository's secrets store. 
[info] 
[info] Visit this URL on this device to log in:
[info] https://github.com/login/oauth/authorize?client_id=89cf50f02ac6aaed3484&state=124897939&redirect_uri=http%3A%2F%2Flocalhost%3A9005&scope=read%3Auser%20repo%20public_repo
[info] 
[info] Waiting for authentication...
[debug] [2021-08-03T14:09:06.726Z] >>> HTTP REQUEST POST https://github.com/login/oauth/access_token  
 {"client_id":"89cf50f02ac6aaed3484","client_secret":"3330d14abc895d9a74d5f17cd7a00711fa2c5bf0","code":"c9c016a58f4dc87497b6","redirect_uri":"http://localhost:9005","state":"124897939"}
[debug] [2021-08-03T14:09:07.094Z] <<< HTTP RESPONSE 200 {"server":"GitHub.com","date":"Tue, 03 Aug 2021 14:09:06 GMT","content-type":"application/json; charset=utf-8","transfer-encoding":"chunked","vary":"X-PJAX, Accept-Encoding, Accept, X-Requested-With","permissions-policy":"interest-cohort=()","etag":"W/\"5172c47dc85726627822f325a837dd96\"","cache-control":"max-age=0, private, must-revalidate","strict-transport-security":"max-age=31536000; includeSubdomains; preload","x-frame-options":"deny","x-content-type-options":"nosniff","x-xss-protection":"0","referrer-policy":"origin-when-cross-origin, strict-origin-when-cross-origin","expect-ct":"max-age=2592000, report-uri=\"https://api.github.com/_private/browser/errors\"","content-security-policy":"default-src 'none'; base-uri 'self'; block-all-mixed-content; connect-src 'self' uploads.github.com www.githubstatus.com collector.githubapp.com api.github.com github-cloud.s3.amazonaws.com github-production-repository-file-5c1aeb.s3.amazonaws.com github-production-upload-manifest-file-7fdce7.s3.amazonaws.com github-production-user-asset-6210df.s3.amazonaws.com cdn.optimizely.com logx.optimizely.com/v1/events translator.github.com wss://alive.github.com; font-src github.githubassets.com; form-action 'self' github.com gist.github.com; frame-ancestors 'none'; frame-src render.githubusercontent.com render-temp.githubusercontent.com viewscreen.githubusercontent.com; img-src 'self' data: github.githubassets.com identicons.github.com collector.githubapp.com github-cloud.s3.amazonaws.com secured-user-images.githubusercontent.com/ *.githubusercontent.com; manifest-src 'self'; media-src 'none'; script-src github.githubassets.com; style-src 'unsafe-inline' github.githubassets.com; worker-src github.com/socket-worker-3f088aa2.js gist.github.com/socket-worker-3f088aa2.js","x-github-request-id":"18B8:5B91:23A952:2E4714:61094E02"}
[debug] [2021-08-03T14:09:07.109Z] >>> [apiv2][query] GET https://api.github.com/user [none]
[debug] [2021-08-03T14:09:07.614Z] <<< [apiv2][status] GET https://api.github.com/user 200
[debug] [2021-08-03T14:09:07.615Z] <<< [apiv2][body] GET https://api.github.com/user {"login":"Emiri-i","id":65963640,"node_id":"MDQ6VXNlcjY1OTYzNjQw","avatar_url":"https://avatars.githubusercontent.com/u/65963640?v=4","gravatar_id":"","url":"https://api.github.com/users/Emiri-i","html_url":"https://github.com/Emiri-i","followers_url":"https://api.github.com/users/Emiri-i/followers","following_url":"https://api.github.com/users/Emiri-i/following{/other_user}","gists_url":"https://api.github.com/users/Emiri-i/gists{/gist_id}","starred_url":"https://api.github.com/users/Emiri-i/starred{/owner}{/repo}","subscriptions_url":"https://api.github.com/users/Emiri-i/subscriptions","organizations_url":"https://api.github.com/users/Emiri-i/orgs","repos_url":"https://api.github.com/users/Emiri-i/repos","events_url":"https://api.github.com/users/Emiri-i/events{/privacy}","received_events_url":"https://api.github.com/users/Emiri-i/received_events","type":"User","site_admin":false,"name":"Emem","company":null,"blog":"","location":null,"email":null,"hireable":null,"bio":null,"twitter_username":null,"public_repos":12,"public_gists":0,"followers":0,"following":0,"created_at":"2020-05-26T14:27:16Z","updated_at":"2021-08-03T12:22:10Z","private_gists":0,"total_private_repos":4,"owned_private_repos":4,"disk_usage":11490,"collaborators":0,"two_factor_authentication":false,"plan":{"name":"free","space":976562499,"collaborators":0,"private_repos":10000}}
[info] 
[info] +  Success! Logged into GitHub as Emiri-i 
[info] 
